<beans xmlns="http://www.springframework.org/schema/beans"
	xmlns:xsi="http://www.w3.org/2001/XMLSchema-instance" xmlns:context="http://www.springframework.org/schema/context"
	xmlns:tx="http://www.springframework.org/schema/tx"
	xsi:schemaLocation="http://www.springframework.org/schema/beans http://www.springframework.org/schema/beans/spring-beans.xsd
		http://www.springframework.org/schema/context http://www.springframework.org/schema/context/spring-context-4.3.xsd
		http://www.springframework.org/schema/tx http://www.springframework.org/schema/tx/spring-tx-4.3.xsd">

	<context:property-placeholder
		location="com/spring/tut/test/config/property-file.properties" />
	<context:annotation-config />
	<beans profile="dev">
		<bean id="dataSource" class="org.apache.commons.dbcp.BasicDataSource"
			destroy-method="close">
			<property name="url" value="${jdbc.url}"></property>
			<property name="username" value="${jdbc.username}"></property>
			<property name="password" value="${jdbc.password}"></property>
			<property name="driverClassName" value="${jdbc.driver}"></property>
		</bean>
		<bean id='sessionFactory'
			class="org.springframework.orm.hibernate5.LocalSessionFactoryBean">
			<property name="dataSource" ref="dataSource"></property>
			<property name="hibernateProperties">
				<props>
					<prop key="hibernate.dialect">org.hibernate.dialect.MySQL57Dialect</prop>
					<prop key="javax.persistence.validation.group.pre-persist">com.spring.tut.validators.PersistenceValidationGroup
					</prop>
					<prop key="javax.persistence.validation.group.pre-update">com.spring.tut.validators.PersistenceValidationGroup
					</prop>
					<prop key="javax.persistence.validation.group.pre-remove">com.spring.tut.validators.PersistenceValidationGroup
					</prop>
					<!-- org.hibernate.dialect.MySQL5Dialect.class -->
				</props>
			</property>
			<property name="packagesToScan">
				<list>
					<value>com.spring.tut.model</value>
				</list>
			</property>
		</bean>
		<tx:annotation-driven transaction-manager="transactionManager" />
		<bean id='transactionManager'
			class="org.springframework.orm.hibernate5.HibernateTransactionManager">
			<property name="dataSource" ref="dataSource"></property>
			<property name="sessionFactory" ref="sessionFactory"></property>
		</bean>
		<bean id='exceptionTranslator'
			class="org.springframework.dao.annotation.PersistenceExceptionTranslationPostProcessor"></bean>
	</beans>
</beans>
